<?xml version="1.0" encoding="UTF-8"?>
<!-- Generated by org.testng.reporters.JUnitXMLReporter -->
<testsuite ignored="0" hostname="LAPTOP-9VS728M4" failures="0" tests="3" name="functionalSuite" time="0.019" errors="0" timestamp="2023-07-01T09:57:56 IST">
  <testcase classname="BasicTest.PaymentReturns" name="paymentreturnsBybank" time="0.003"/>
  <testcase classname="BasicTest.PaymentTest" name="paymentInDollor" time="0.005"/>
  <testcase classname="BasicTest.PaymentTest" name="paymentInrupees" time="0.002"/>
</testsuite> <!-- functionalSuite -->
