<?xml version="1.0" encoding="UTF-8"?>
<!-- Generated by org.testng.reporters.JUnitXMLReporter -->
<testsuite ignored="0" hostname="LAPTOP-9VS728M4" failures="1" tests="2" name="test1" time="0.165" errors="0" timestamp="2023-07-01T10:32:48 IST">
  <testcase classname="Listeners.LoginTest" name="loginbyEmail" time="0.046"/>
  <testcase classname="Listeners.LoginTest" name="loginbyFacebook" time="0.007">
    <failure type="java.lang.AssertionError" message="expected [jenish] but found [sahil]">
      <![CDATA[java.lang.AssertionError: expected [jenish] but found [sahil]
at Listeners.LoginTest.loginbyFacebook(LoginTest.java:16)
at java.base/java.util.ArrayList.forEach(ArrayList.java:1511)
... Removed 31 stack frames]]>
    </failure>
  </testcase> <!-- loginbyFacebook -->
</testsuite> <!-- test1 -->
