<?xml version="1.0" encoding="UTF-8"?>
<!-- Generated by org.testng.reporters.JUnitXMLReporter -->
<testsuite ignored="0" hostname="LAPTOP-9VS728M4" failures="0" tests="6" name="sanitytest" time="0.16" errors="0" timestamp="2023-07-01T09:57:56 IST">
  <testcase classname="BasicTest.LoginTest" name="loginByemail" time="0.026"/>
  <testcase classname="BasicTest.LoginTest" name="loginByfacebook" time="0.005"/>
  <testcase classname="BasicTest.LoginTest" name="loginBytwitter" time="0.008"/>
  <testcase classname="BasicTest.SignupPage" name="signUpByemail" time="0.006"/>
  <testcase classname="BasicTest.SignupPage" name="signUpByfacebook" time="0.002"/>
  <testcase classname="BasicTest.SignupPage" name="signUpBytwitter" time="0.003"/>
</testsuite> <!-- sanitytest -->
